21:32:40 INFO  : Registering command handlers for SDK TCF services
21:32:41 INFO  : Launching XSCT server: xsct.bat -interactive C:\Users\austi\project_3_ld1416\project_3_ld1416.sdk\temp_xsdb_launch_script.tcl
21:32:46 INFO  : XSCT server has started successfully.
21:32:46 INFO  : Successfully done setting XSCT server connection channel  
21:32:56 INFO  : Successfully done setting SDK workspace  
21:32:56 INFO  : Processing command line option -hwspec C:/Users/austi/project_3_ld1416/project_3_ld1416.sdk/top.hdf.
20:51:10 INFO  : Registering command handlers for SDK TCF services
20:51:12 INFO  : Launching XSCT server: xsct.bat -interactive C:\Users\austi\project_3_ld1416\project_3_ld1416.sdk\temp_xsdb_launch_script.tcl
20:51:20 INFO  : XSCT server has started successfully.
20:51:21 INFO  : Successfully done setting XSCT server connection channel  
20:51:38 INFO  : Successfully done setting SDK workspace  
20:51:38 INFO  : Processing command line option -hwspec C:/Users/austi/project_3_ld1416/project_3_ld1416.sdk/top.hdf.
20:51:38 INFO  : Checking for hwspec changes in the project top_hw_platform_0.
21:45:56 INFO  : SDK has detected change in the last modified timestamps for source hardware specification file Source:1575427554683,  Project:1574649084525
21:45:56 INFO  : Project top_hw_platform_0's source hardware specification located at C:/Users/austi/project_3_ld1416/project_3_ld1416.sdk/top.hdf is now different from the local copy.
		 The local copy will be replaced with the source specification and your workspace will be updated.
21:49:02 INFO  : Copied contents of C:/Users/austi/project_3_ld1416/project_3_ld1416.sdk/top.hdf into \top_hw_platform_0\system.hdf.
21:49:02 INFO  : Synchronizing projects in the workspace with the hardware platform specification changes.
21:49:22 INFO  : 
21:49:23 INFO  : Updating hardware inferred compiler options for c_dl1416.
21:49:23 INFO  : Clearing existing target manager status.
